<?xml version="1.0" encoding="UTF-8"?>
<!-- Generated by org.testng.reporters.JUnitReportReporter -->
<testsuite skipped="0" hostname="ojt20-PC" name="DriverFactory.AppTest" tests="1" failures="0" timestamp="18 May 2019 02:56:16 GMT" time="10.786" errors="0">
  <testcase name="kickStart" time="10.786" classname="DriverFactory.AppTest"/>
</testsuite> <!-- DriverFactory.AppTest -->
