<?xml version="1.0" encoding="UTF-8"?>
<!-- Generated by org.testng.reporters.JUnitReportReporter -->
<testsuite skipped="0" hostname="ojt20-PC" name="com.vasu.maven.AppTest" tests="1" failures="0" timestamp="18 May 2019 02:42:23 GMT" time="0.014" errors="0">
  <testcase name="shouldAnswerWithTrue" time="0.014" classname="com.vasu.maven.AppTest"/>
</testsuite> <!-- com.vasu.maven.AppTest -->
